[debug] [2021-07-25T20:46:28.569Z] ----------------------------------------------------------------------
[debug] [2021-07-25T20:46:28.571Z] Command:       /usr/bin/node /usr/local/bin/firebase functions:shell
[debug] [2021-07-25T20:46:28.572Z] CLI Version:   9.16.0
[debug] [2021-07-25T20:46:28.572Z] Platform:      linux
[debug] [2021-07-25T20:46:28.572Z] Node Version:  v10.19.0
[debug] [2021-07-25T20:46:28.572Z] Time:          Sun Jul 25 2021 16:46:28 GMT-0400 (hora de Venezuela)
[debug] [2021-07-25T20:46:28.572Z] ----------------------------------------------------------------------
[debug] 
[debug] [2021-07-25T20:46:28.663Z] > command requires scopes: ["email","openid","https://www.googleapis.com/auth/cloudplatformprojects.readonly","https://www.googleapis.com/auth/firebase","https://www.googleapis.com/auth/cloud-platform"]
[debug] [2021-07-25T20:46:28.663Z] > authorizing via signed-in user (ej.higuer@gmail.com)
[debug] [2021-07-25T20:46:28.663Z] [iam] checking project rv-store for permissions ["firebase.projects.get"]
[debug] [2021-07-25T20:46:28.666Z] > refreshing access token with scopes: ["email","https://www.googleapis.com/auth/cloud-platform","https://www.googleapis.com/auth/cloudplatformprojects.readonly","https://www.googleapis.com/auth/firebase","openid"]
[debug] [2021-07-25T20:46:28.667Z] >>> HTTP REQUEST POST https://www.googleapis.com/oauth2/v3/token  
 <request body omitted>
[debug] [2021-07-25T20:46:29.108Z] <<< HTTP RESPONSE 200 {"expires":"Mon, 01 Jan 1990 00:00:00 GMT","date":"Sun, 25 Jul 2021 20:46:29 GMT","cache-control":"no-cache, no-store, max-age=0, must-revalidate","pragma":"no-cache","content-type":"application/json; charset=utf-8","vary":"X-Origin, Referer, Origin,Accept-Encoding","server":"scaffolding on HTTPServer2","x-xss-protection":"0","x-frame-options":"SAMEORIGIN","x-content-type-options":"nosniff","alt-svc":"h3=\":443\"; ma=2592000,h3-29=\":443\"; ma=2592000,h3-T051=\":443\"; ma=2592000,h3-Q050=\":443\"; ma=2592000,h3-Q046=\":443\"; ma=2592000,h3-Q043=\":443\"; ma=2592000,quic=\":443\"; ma=2592000; v=\"46,43\"","accept-ranges":"none","transfer-encoding":"chunked"}
[debug] [2021-07-25T20:46:29.221Z] >>> HTTP REQUEST POST https://cloudresourcemanager.googleapis.com/v1/projects/rv-store:testIamPermissions  
 {"permissions":["firebase.projects.get"]}
[debug] [2021-07-25T20:46:29.741Z] <<< HTTP RESPONSE 200 {"content-type":"application/json; charset=UTF-8","vary":"X-Origin, Referer, Origin,Accept-Encoding","date":"Sun, 25 Jul 2021 20:46:29 GMT","server":"ESF","cache-control":"private","x-xss-protection":"0","x-frame-options":"SAMEORIGIN","x-content-type-options":"nosniff","server-timing":"gfet4t7; dur=167","alt-svc":"h3=\":443\"; ma=2592000,h3-29=\":443\"; ma=2592000,h3-T051=\":443\"; ma=2592000,h3-Q050=\":443\"; ma=2592000,h3-Q046=\":443\"; ma=2592000,h3-Q043=\":443\"; ma=2592000,quic=\":443\"; ma=2592000; v=\"46,43\"","accept-ranges":"none","transfer-encoding":"chunked"}
[warn] ⚠  Your requested "node" version "14" doesn't match your global version "10" {"metadata":{"emulator":{"name":"functions"},"message":"Your requested \"node\" version \"14\" doesn't match your global version \"10\""}}
[debug] [2021-07-25T20:46:29.778Z] defaultcredentials: writing to file /home/ej/.config/firebase/ej_higuer_gmail.com_application_default_credentials.json
[debug] [2021-07-25T20:46:29.781Z] DEBUG: Setting GAC to /home/ej/.config/firebase/ej_higuer_gmail.com_application_default_credentials.json
[debug] [2021-07-25T20:46:29.784Z] > refreshing access token with scopes: []
[debug] [2021-07-25T20:46:29.784Z] >>> HTTP REQUEST POST https://www.googleapis.com/oauth2/v3/token  
 <request body omitted>
[debug] [2021-07-25T20:46:30.065Z] <<< HTTP RESPONSE 200 {"date":"Sun, 25 Jul 2021 20:46:30 GMT","cache-control":"no-cache, no-store, max-age=0, must-revalidate","expires":"Mon, 01 Jan 1990 00:00:00 GMT","pragma":"no-cache","content-type":"application/json; charset=utf-8","vary":"X-Origin, Referer, Origin,Accept-Encoding","server":"scaffolding on HTTPServer2","x-xss-protection":"0","x-frame-options":"SAMEORIGIN","x-content-type-options":"nosniff","alt-svc":"h3=\":443\"; ma=2592000,h3-29=\":443\"; ma=2592000,h3-T051=\":443\"; ma=2592000,h3-Q050=\":443\"; ma=2592000,h3-Q046=\":443\"; ma=2592000,h3-Q043=\":443\"; ma=2592000,quic=\":443\"; ma=2592000; v=\"46,43\"","accept-ranges":"none","transfer-encoding":"chunked"}
[debug] [2021-07-25T20:46:30.149Z] >>> [apiv2][query] GET https://firebase.googleapis.com/v1beta1/projects/rv-store/adminSdkConfig [none]
[debug] [2021-07-25T20:46:30.693Z] <<< [apiv2][status] GET https://firebase.googleapis.com/v1beta1/projects/rv-store/adminSdkConfig 200
[debug] [2021-07-25T20:46:30.693Z] <<< [apiv2][body] GET https://firebase.googleapis.com/v1beta1/projects/rv-store/adminSdkConfig {"projectId":"rv-store","storageBucket":"rv-store.appspot.com","locationId":"us-central"}
[debug] [2021-07-25T20:46:30.756Z] [functions] Watching "/home/ej/Escritorio/rv-shop/functions" for Cloud Functions...
[debug] [2021-07-25T20:46:30.773Z] DEBUG: [worker-pool] addWorker(~diagnostic~)
[debug] [2021-07-25T20:46:30.774Z] DEBUG: [worker-pool] Adding worker with key ~diagnostic~, total=1
[debug] [2021-07-25T20:46:30.774Z] DEBUG: [worker-pool] submitWork(triggerId=)
[debug] [2021-07-25T20:46:30.774Z] DEBUG: [worker-~diagnostic~-656f02a4-84be-4f05-9804-69eadbf765fb]: Assigning socketPath: /tmp/fire_emu_22126.sock
[debug] [2021-07-25T20:46:30.775Z] DEBUG: [worker-~diagnostic~-656f02a4-84be-4f05-9804-69eadbf765fb]: BUSY
[debug] [2021-07-25T20:46:31.373Z] DEBUG: [runtime-status] [22126] Functions runtime initialized. {"cwd":"/home/ej/Escritorio/rv-shop/functions","node_version":"10.19.0"}
[debug] [2021-07-25T20:46:31.375Z] DEBUG: [runtime-status] [22126] Disabled runtime features: undefined
[debug] [2021-07-25T20:46:31.378Z] DEBUG: [runtime-status] [22126] Resolved module firebase-admin {"declared":true,"installed":true,"version":"9.11.0","resolution":"/home/ej/Escritorio/rv-shop/functions/node_modules/firebase-admin/lib/index.js"}
[debug] [2021-07-25T20:46:31.380Z] DEBUG: [runtime-status] [22126] Resolved module firebase-functions {"declared":true,"installed":true,"version":"3.14.1","resolution":"/home/ej/Escritorio/rv-shop/functions/node_modules/firebase-functions/lib/index.js"}
[debug] [2021-07-25T20:46:31.381Z] DEBUG: [runtime-status] [22126] Resolved module firebase-functions {"declared":true,"installed":true,"version":"3.14.1","resolution":"/home/ej/Escritorio/rv-shop/functions/node_modules/firebase-functions/lib/index.js"}
[debug] [2021-07-25T20:46:31.387Z] DEBUG: [runtime-status] [22126] Outgoing network have been stubbed. [{"name":"http","status":"mocked"},{"name":"http","status":"mocked"},{"name":"https","status":"mocked"},{"name":"https","status":"mocked"},{"name":"net","status":"mocked"}]
[debug] [2021-07-25T20:46:31.388Z] DEBUG: [runtime-status] [22126] Resolved module firebase-functions {"declared":true,"installed":true,"version":"3.14.1","resolution":"/home/ej/Escritorio/rv-shop/functions/node_modules/firebase-functions/lib/index.js"}
[debug] [2021-07-25T20:46:31.433Z] DEBUG: [runtime-status] [22126] Checked functions.config() {"config":{}}
[debug] [2021-07-25T20:46:31.433Z] DEBUG: [runtime-status] [22126] firebase-functions has been stubbed. {"functionsResolution":{"declared":true,"installed":true,"version":"3.14.1","resolution":"/home/ej/Escritorio/rv-shop/functions/node_modules/firebase-functions/lib/index.js"}}
[debug] [2021-07-25T20:46:31.434Z] DEBUG: [runtime-status] [22126] Resolved module firebase-functions {"declared":true,"installed":true,"version":"3.14.1","resolution":"/home/ej/Escritorio/rv-shop/functions/node_modules/firebase-functions/lib/index.js"}
[debug] [2021-07-25T20:46:31.436Z] DEBUG: [runtime-status] [22126] Resolved module firebase-admin {"declared":true,"installed":true,"version":"9.11.0","resolution":"/home/ej/Escritorio/rv-shop/functions/node_modules/firebase-admin/lib/index.js"}
[debug] [2021-07-25T20:46:31.437Z] DEBUG: [runtime-status] [22126] Resolved module firebase-functions {"declared":true,"installed":true,"version":"3.14.1","resolution":"/home/ej/Escritorio/rv-shop/functions/node_modules/firebase-functions/lib/index.js"}
[debug] [2021-07-25T20:46:31.437Z] DEBUG: [runtime-status] [22126] firebase-admin has been stubbed. {"adminResolution":{"declared":true,"installed":true,"version":"9.11.0","resolution":"/home/ej/Escritorio/rv-shop/functions/node_modules/firebase-admin/lib/index.js"}}
[warn] ⚠  Error: Cannot find module 'stripe'
    at Function.Module._resolveFilename (internal/modules/cjs/loader.js:636:15)
    at Function.Module._load (internal/modules/cjs/loader.js:562:25)
    at Module.require (internal/modules/cjs/loader.js:692:17)
    at require (internal/modules/cjs/helpers.js:25:18)
    at Object.<anonymous> (/home/ej/Escritorio/rv-shop/functions/index.js:6:16)
    at Module._compile (internal/modules/cjs/loader.js:778:30)
    at Object.Module._extensions..js (internal/modules/cjs/loader.js:789:10)
    at Module.load (internal/modules/cjs/loader.js:653:32)
    at tryModuleLoad (internal/modules/cjs/loader.js:593:12)
    at Function.Module._load (internal/modules/cjs/loader.js:585:3) {"metadata":{"emulator":{"name":"functions"},"message":"Error: Cannot find module 'stripe'\n    at Function.Module._resolveFilename (internal/modules/cjs/loader.js:636:15)\n    at Function.Module._load (internal/modules/cjs/loader.js:562:25)\n    at Module.require (internal/modules/cjs/loader.js:692:17)\n    at require (internal/modules/cjs/helpers.js:25:18)\n    at Object.<anonymous> (/home/ej/Escritorio/rv-shop/functions/index.js:6:16)\n    at Module._compile (internal/modules/cjs/loader.js:778:30)\n    at Object.Module._extensions..js (internal/modules/cjs/loader.js:789:10)\n    at Module.load (internal/modules/cjs/loader.js:653:32)\n    at tryModuleLoad (internal/modules/cjs/loader.js:593:12)\n    at Function.Module._load (internal/modules/cjs/loader.js:585:3)"}}
[warn] ⚠  We were unable to load your functions code. (see above) {"metadata":{"emulator":{"name":"functions"}}}
[debug] [2021-07-25T20:46:31.524Z] DEBUG: [worker-~diagnostic~-656f02a4-84be-4f05-9804-69eadbf765fb]: exited
[debug] [2021-07-25T20:46:31.524Z] DEBUG: [worker-~diagnostic~-656f02a4-84be-4f05-9804-69eadbf765fb]: FINISHED
